2024/09/29 08:55:51 [notice] 1#1: using the "epoll" event method
2024/09/29 08:55:51 [notice] 1#1: nginx/1.27.1
2024/09/29 08:55:51 [notice] 1#1: built by gcc 12.2.0 (Debian 12.2.0-14) 
2024/09/29 08:55:51 [notice] 1#1: OS: Linux 5.15.153.1-microsoft-standard-WSL2
2024/09/29 08:55:51 [notice] 1#1: getrlimit(RLIMIT_NOFILE): 1048576:1048576
2024/09/29 08:55:51 [notice] 1#1: start worker processes
2024/09/29 08:55:51 [notice] 1#1: start worker process 22
2024/09/29 08:55:51 [notice] 1#1: start worker process 23
2024/09/29 08:55:51 [notice] 1#1: start worker process 24
2024/09/29 08:55:51 [notice] 1#1: start worker process 25
2024/09/29 08:55:51 [notice] 1#1: start worker process 26
2024/09/29 08:55:51 [notice] 1#1: start worker process 27
2024/09/29 08:55:51 [notice] 1#1: start worker process 28
2024/09/29 08:55:51 [notice] 1#1: start worker process 29
2024/09/29 08:55:51 [notice] 1#1: start worker process 30
2024/09/29 08:55:51 [notice] 1#1: start worker process 31
2024/09/29 08:55:51 [notice] 1#1: start worker process 32
2024/09/29 08:55:51 [notice] 1#1: start worker process 33
2024/09/29 08:55:51 [notice] 1#1: start worker process 34
2024/09/29 08:55:51 [notice] 1#1: start worker process 35
2024/09/29 08:55:51 [notice] 1#1: start worker process 36
2024/09/29 08:55:51 [notice] 1#1: start worker process 37
2024/09/29 08:55:51 [notice] 1#1: start worker process 38
2024/09/29 08:55:51 [notice] 1#1: start worker process 39
2024/09/29 08:55:51 [notice] 1#1: start worker process 40
2024/09/29 08:55:51 [notice] 1#1: start worker process 41
2024/09/29 08:57:00 [error] 23#23: *2 open() "/mnt/data/index.html" failed (2: No such file or directory), client: 172.17.0.1, server: localhost, request: "GET / HTTP/1.1", host: "localhost"
2024/09/29 08:57:00 [error] 23#23: *2 open() "/mnt/data/favicon.ico" failed (2: No such file or directory), client: 172.17.0.1, server: localhost, request: "GET /favicon.ico HTTP/1.1", host: "localhost", referrer: "http://localhost/"
2024/09/29 08:57:16 [error] 23#23: *2 open() "/mnt/data/0.jpg" failed (2: No such file or directory), client: 172.17.0.1, server: localhost, request: "GET /0.jpg HTTP/1.1", host: "localhost"
2024/09/29 08:57:26 [error] 23#23: *2 open() "/mnt/data/index.html" failed (2: No such file or directory), client: 172.17.0.1, server: localhost, request: "GET / HTTP/1.1", host: "localhost"
2024/09/29 09:05:12 [notice] 1#1: using the "epoll" event method
2024/09/29 09:05:12 [notice] 1#1: nginx/1.27.1
2024/09/29 09:05:12 [notice] 1#1: built by gcc 12.2.0 (Debian 12.2.0-14) 
2024/09/29 09:05:12 [notice] 1#1: OS: Linux 5.15.153.1-microsoft-standard-WSL2
2024/09/29 09:05:12 [notice] 1#1: getrlimit(RLIMIT_NOFILE): 1048576:1048576
2024/09/29 09:05:12 [notice] 1#1: start worker processes
2024/09/29 09:05:12 [notice] 1#1: start worker process 22
2024/09/29 09:05:12 [notice] 1#1: start worker process 23
2024/09/29 09:05:12 [notice] 1#1: start worker process 24
2024/09/29 09:05:12 [notice] 1#1: start worker process 25
2024/09/29 09:05:12 [notice] 1#1: start worker process 26
2024/09/29 09:05:12 [notice] 1#1: start worker process 27
2024/09/29 09:05:12 [notice] 1#1: start worker process 28
2024/09/29 09:05:12 [notice] 1#1: start worker process 29
2024/09/29 09:05:12 [notice] 1#1: start worker process 30
2024/09/29 09:05:12 [notice] 1#1: start worker process 31
2024/09/29 09:05:12 [notice] 1#1: start worker process 32
2024/09/29 09:05:12 [notice] 1#1: start worker process 33
2024/09/29 09:05:12 [notice] 1#1: start worker process 34
2024/09/29 09:05:12 [notice] 1#1: start worker process 35
2024/09/29 09:05:12 [notice] 1#1: start worker process 36
2024/09/29 09:05:12 [notice] 1#1: start worker process 37
2024/09/29 09:05:12 [notice] 1#1: start worker process 38
2024/09/29 09:05:12 [notice] 1#1: start worker process 39
2024/09/29 09:05:12 [notice] 1#1: start worker process 40
2024/09/29 09:05:12 [notice] 1#1: start worker process 41
2024/09/29 09:06:02 [error] 22#22: *1 open() "/mnt/data/index.html" failed (2: No such file or directory), client: 172.17.0.1, server: localhost, request: "GET / HTTP/1.1", host: "localhost"
2024/09/29 09:13:35 [notice] 1#1: using the "epoll" event method
2024/09/29 09:13:35 [notice] 1#1: nginx/1.27.1
2024/09/29 09:13:35 [notice] 1#1: built by gcc 12.2.0 (Debian 12.2.0-14) 
2024/09/29 09:13:35 [notice] 1#1: OS: Linux 5.15.153.1-microsoft-standard-WSL2
2024/09/29 09:13:35 [notice] 1#1: getrlimit(RLIMIT_NOFILE): 1048576:1048576
2024/09/29 09:13:35 [notice] 1#1: start worker processes
2024/09/29 09:13:35 [notice] 1#1: start worker process 22
2024/09/29 09:13:35 [notice] 1#1: start worker process 23
2024/09/29 09:13:35 [notice] 1#1: start worker process 24
2024/09/29 09:13:35 [notice] 1#1: start worker process 25
2024/09/29 09:13:35 [notice] 1#1: start worker process 26
2024/09/29 09:13:35 [notice] 1#1: start worker process 27
2024/09/29 09:13:35 [notice] 1#1: start worker process 28
2024/09/29 09:13:35 [notice] 1#1: start worker process 29
2024/09/29 09:13:35 [notice] 1#1: start worker process 30
2024/09/29 09:13:35 [notice] 1#1: start worker process 31
2024/09/29 09:13:35 [notice] 1#1: start worker process 32
2024/09/29 09:13:35 [notice] 1#1: start worker process 33
2024/09/29 09:13:35 [notice] 1#1: start worker process 34
2024/09/29 09:13:35 [notice] 1#1: start worker process 35
2024/09/29 09:13:35 [notice] 1#1: start worker process 36
2024/09/29 09:13:35 [notice] 1#1: start worker process 37
2024/09/29 09:13:35 [notice] 1#1: start worker process 38
2024/09/29 09:13:35 [notice] 1#1: start worker process 39
2024/09/29 09:13:35 [notice] 1#1: start worker process 40
2024/09/29 09:13:35 [notice] 1#1: start worker process 41
2024/09/29 09:15:33 [notice] 1#1: using the "epoll" event method
2024/09/29 09:15:33 [notice] 1#1: nginx/1.27.1
2024/09/29 09:15:33 [notice] 1#1: built by gcc 12.2.0 (Debian 12.2.0-14) 
2024/09/29 09:15:33 [notice] 1#1: OS: Linux 5.15.153.1-microsoft-standard-WSL2
2024/09/29 09:15:33 [notice] 1#1: getrlimit(RLIMIT_NOFILE): 1048576:1048576
2024/09/29 09:15:33 [notice] 1#1: start worker processes
2024/09/29 09:15:33 [notice] 1#1: start worker process 29
2024/09/29 09:15:33 [notice] 1#1: start worker process 30
2024/09/29 09:15:33 [notice] 1#1: start worker process 31
2024/09/29 09:15:33 [notice] 1#1: start worker process 32
2024/09/29 09:15:33 [notice] 1#1: start worker process 33
2024/09/29 09:15:33 [notice] 1#1: start worker process 34
2024/09/29 09:15:33 [notice] 1#1: start worker process 35
2024/09/29 09:15:33 [notice] 1#1: start worker process 36
2024/09/29 09:15:33 [notice] 1#1: start worker process 37
2024/09/29 09:15:33 [notice] 1#1: start worker process 38
2024/09/29 09:15:33 [notice] 1#1: start worker process 39
2024/09/29 09:15:33 [notice] 1#1: start worker process 40
2024/09/29 09:15:33 [notice] 1#1: start worker process 41
2024/09/29 09:15:33 [notice] 1#1: start worker process 42
2024/09/29 09:15:33 [notice] 1#1: start worker process 43
2024/09/29 09:15:33 [notice] 1#1: start worker process 44
2024/09/29 09:15:33 [notice] 1#1: start worker process 45
2024/09/29 09:15:33 [notice] 1#1: start worker process 46
2024/09/29 09:15:33 [notice] 1#1: start worker process 47
2024/09/29 09:15:33 [notice] 1#1: start worker process 48
2024/09/29 09:17:10 [notice] 1#1: using the "epoll" event method
2024/09/29 09:17:10 [notice] 1#1: nginx/1.27.1
2024/09/29 09:17:10 [notice] 1#1: built by gcc 12.2.0 (Debian 12.2.0-14) 
2024/09/29 09:17:10 [notice] 1#1: OS: Linux 5.15.153.1-microsoft-standard-WSL2
2024/09/29 09:17:10 [notice] 1#1: getrlimit(RLIMIT_NOFILE): 1048576:1048576
2024/09/29 09:17:10 [notice] 1#1: start worker processes
2024/09/29 09:17:10 [notice] 1#1: start worker process 22
2024/09/29 09:17:10 [notice] 1#1: start worker process 23
2024/09/29 09:17:10 [notice] 1#1: start worker process 24
2024/09/29 09:17:10 [notice] 1#1: start worker process 25
2024/09/29 09:17:10 [notice] 1#1: start worker process 26
2024/09/29 09:17:10 [notice] 1#1: start worker process 27
2024/09/29 09:17:10 [notice] 1#1: start worker process 28
2024/09/29 09:17:10 [notice] 1#1: start worker process 29
2024/09/29 09:17:10 [notice] 1#1: start worker process 30
2024/09/29 09:17:10 [notice] 1#1: start worker process 31
2024/09/29 09:17:10 [notice] 1#1: start worker process 32
2024/09/29 09:17:10 [notice] 1#1: start worker process 33
2024/09/29 09:17:10 [notice] 1#1: start worker process 34
2024/09/29 09:17:10 [notice] 1#1: start worker process 35
2024/09/29 09:17:10 [notice] 1#1: start worker process 36
2024/09/29 09:17:10 [notice] 1#1: start worker process 37
2024/09/29 09:17:10 [notice] 1#1: start worker process 38
2024/09/29 09:17:10 [notice] 1#1: start worker process 39
2024/09/29 09:17:10 [notice] 1#1: start worker process 40
2024/09/29 09:17:10 [notice] 1#1: start worker process 41
2024/09/29 09:20:04 [notice] 1#1: using the "epoll" event method
2024/09/29 09:20:04 [notice] 1#1: nginx/1.27.1
2024/09/29 09:20:04 [notice] 1#1: built by gcc 12.2.0 (Debian 12.2.0-14) 
2024/09/29 09:20:04 [notice] 1#1: OS: Linux 5.15.153.1-microsoft-standard-WSL2
2024/09/29 09:20:04 [notice] 1#1: getrlimit(RLIMIT_NOFILE): 1048576:1048576
2024/09/29 09:20:04 [notice] 1#1: start worker processes
2024/09/29 09:20:04 [notice] 1#1: start worker process 22
2024/09/29 09:20:04 [notice] 1#1: start worker process 23
2024/09/29 09:20:04 [notice] 1#1: start worker process 24
2024/09/29 09:20:04 [notice] 1#1: start worker process 25
2024/09/29 09:20:04 [notice] 1#1: start worker process 26
2024/09/29 09:20:04 [notice] 1#1: start worker process 27
2024/09/29 09:20:04 [notice] 1#1: start worker process 28
2024/09/29 09:20:04 [notice] 1#1: start worker process 29
2024/09/29 09:20:04 [notice] 1#1: start worker process 30
2024/09/29 09:20:04 [notice] 1#1: start worker process 31
2024/09/29 09:20:04 [notice] 1#1: start worker process 32
2024/09/29 09:20:04 [notice] 1#1: start worker process 33
2024/09/29 09:20:04 [notice] 1#1: start worker process 34
2024/09/29 09:20:04 [notice] 1#1: start worker process 35
2024/09/29 09:20:04 [notice] 1#1: start worker process 36
2024/09/29 09:20:04 [notice] 1#1: start worker process 37
2024/09/29 09:20:04 [notice] 1#1: start worker process 38
2024/09/29 09:20:04 [notice] 1#1: start worker process 39
2024/09/29 09:20:04 [notice] 1#1: start worker process 40
2024/09/29 09:20:04 [notice] 1#1: start worker process 41
2024/09/29 09:20:18 [error] 23#23: *1 open() "/mnt/data/0.jpg" failed (2: No such file or directory), client: 172.17.0.1, server: localhost, request: "GET /0.jpg HTTP/1.1", host: "localhost"
2024/09/29 09:23:37 [notice] 1#1: using the "epoll" event method
2024/09/29 09:23:37 [notice] 1#1: nginx/1.27.1
2024/09/29 09:23:37 [notice] 1#1: built by gcc 12.2.0 (Debian 12.2.0-14) 
2024/09/29 09:23:37 [notice] 1#1: OS: Linux 5.15.153.1-microsoft-standard-WSL2
2024/09/29 09:23:37 [notice] 1#1: getrlimit(RLIMIT_NOFILE): 1048576:1048576
2024/09/29 09:23:37 [notice] 1#1: start worker processes
2024/09/29 09:23:37 [notice] 1#1: start worker process 22
2024/09/29 09:23:37 [notice] 1#1: start worker process 23
2024/09/29 09:23:37 [notice] 1#1: start worker process 24
2024/09/29 09:23:37 [notice] 1#1: start worker process 25
2024/09/29 09:23:37 [notice] 1#1: start worker process 26
2024/09/29 09:23:37 [notice] 1#1: start worker process 27
2024/09/29 09:23:37 [notice] 1#1: start worker process 28
2024/09/29 09:23:37 [notice] 1#1: start worker process 29
2024/09/29 09:23:37 [notice] 1#1: start worker process 30
2024/09/29 09:23:37 [notice] 1#1: start worker process 31
2024/09/29 09:23:37 [notice] 1#1: start worker process 32
2024/09/29 09:23:37 [notice] 1#1: start worker process 33
2024/09/29 09:23:37 [notice] 1#1: start worker process 34
2024/09/29 09:23:37 [notice] 1#1: start worker process 35
2024/09/29 09:23:37 [notice] 1#1: start worker process 36
2024/09/29 09:23:37 [notice] 1#1: start worker process 37
2024/09/29 09:23:37 [notice] 1#1: start worker process 38
2024/09/29 09:23:37 [notice] 1#1: start worker process 39
2024/09/29 09:23:37 [notice] 1#1: start worker process 40
2024/09/29 09:23:37 [notice] 1#1: start worker process 41
